h:\c++code\baodian\bison鼠标连击器\bison鼠标连击器\debug\bison鼠标连击器.pch
h:\c++code\baodian\bison鼠标连击器\bison鼠标连击器\debug\vc120.pdb
h:\c++code\baodian\bison鼠标连击器\bison鼠标连击器\debug\vc120.idb
h:\c++code\baodian\bison鼠标连击器\bison鼠标连击器\debug\stdafx.obj
h:\c++code\baodian\bison鼠标连击器\bison鼠标连击器\debug\bisonclicker.obj
h:\c++code\baodian\bison鼠标连击器\bison鼠标连击器\debug\bisonclickerdlg.obj
h:\c++code\baodian\bison鼠标连击器\bison鼠标连击器\debug\exit.obj
h:\c++code\baodian\bison鼠标连击器\debug\bison鼠标连击器.ilk
h:\c++code\baodian\bison鼠标连击器\debug\bison鼠标连击器.exe
h:\c++code\baodian\bison鼠标连击器\debug\bison鼠标连击器.pdb
h:\c++code\baodian\bison鼠标连击器\bison鼠标连击器\debug\bisonclicker.res
h:\c++code\baodian\bison鼠标连击器\bison鼠标连击器\debug\bison鼠标连击器.tlog\cl.command.1.tlog
h:\c++code\baodian\bison鼠标连击器\bison鼠标连击器\debug\bison鼠标连击器.tlog\cl.read.1.tlog
h:\c++code\baodian\bison鼠标连击器\bison鼠标连击器\debug\bison鼠标连击器.tlog\cl.write.1.tlog
h:\c++code\baodian\bison鼠标连击器\bison鼠标连击器\debug\bison鼠标连击器.tlog\link.command.1.tlog
h:\c++code\baodian\bison鼠标连击器\bison鼠标连击器\debug\bison鼠标连击器.tlog\link.read.1.tlog
h:\c++code\baodian\bison鼠标连击器\bison鼠标连击器\debug\bison鼠标连击器.tlog\link.write.1.tlog
h:\c++code\baodian\bison鼠标连击器\bison鼠标连击器\debug\bison鼠标连击器.tlog\rc.command.1.tlog
h:\c++code\baodian\bison鼠标连击器\bison鼠标连击器\debug\bison鼠标连击器.tlog\rc.read.1.tlog
h:\c++code\baodian\bison鼠标连击器\bison鼠标连击器\debug\bison鼠标连击器.tlog\rc.write.1.tlog
